<?xml version="1.0" encoding="UTF-8" ?>
<testsuite tests="12" failures="0" name="service.ProductServiceTest" time="0.007" errors="0" skipped="0">
  <properties>
[...]
</properties>
  <testcase classname="service.ProductServiceTest" name="testGetProductByProductNameNotExist" time="0.005"/>
  <testcase classname="service.ProductServiceTest" name="testGetCountProductWithoutProducts" time="0"/>
  <testcase classname="service.ProductServiceTest" name="testGetProductByProductNameExist" time="0"/>
  <testcase classname="service.ProductServiceTest" name="isProductWithIdNotExisting" time="0"/>
  <testcase classname="service.ProductServiceTest" name="testIsMoreProductsThan0" time="0"/>
  <testcase classname="service.ProductServiceTest" name="testGetCountProductPositive" time="0"/>
  <testcase classname="service.ProductServiceTest" name="testIsProductByNameNotExisting" time="0"/>
  <testcase classname="service.ProductServiceTest" name="testEqualProducts0" time="0"/>
  <testcase classname="service.ProductServiceTest" name="isProductWithIdExisting" time="0.001"/>
  <testcase classname="service.ProductServiceTest" name="testGetAllProductsPositive" time="0"/>
  <testcase classname="service.ProductServiceTest" name="testGetAllProductsNegative" time="0"/>
  <testcase classname="service.ProductServiceTest" name="testIsProductByNameExisting" time="0.001"/>
</testsuite>